<?xml version="1.0" encoding="UTF-8"?>
<!-- Generated by org.testng.reporters.JUnitReportReporter -->
<testsuite skipped="0" hostname="DESKTOP-N308L1J" name="variousConcepts.LearnTestNG" tests="1" failures="0" timestamp="21 Aug 2021 18:25:07 GMT" time="11.818" errors="0">
  <testcase name="AddCustomerTest" time="11.818" classname="variousConcepts.LearnTestNG"/>
</testsuite> <!-- variousConcepts.LearnTestNG -->
